12:49:42 **** Incremental Build of configuration Nios II for project sockit_audio_bsp ****
make all 
[BSP build complete]
12:49:42 **** Incremental Build of configuration Nios II for project sockit_audio ****
make all 
Info: Building ../sockit_audio_bsp/
make --no-print-directory -C ../sockit_audio_bsp/
[BSP build complete]
Info: Compiling audio.c to obj/default/audio.o
nios2-elf-gcc -xc -MP -MMD -c -I../sockit_audio_bsp//HAL/inc -I../sockit_audio_bsp/ -I../sockit_audio_bsp//drivers/inc  -pipe -D__hal__ -DALT_NO_INSTRUCTION_EMULATION -DALT_SINGLE_THREADED    -O0 -g -Wall   -mhw-div -mhw-mul -mno-hw-mulx -mgpopt=global  -o obj/default/audio.o audio.c
audio.c: In function 'aduio_RegRead':
audio.c:409:14: warning: 'data' is used uninitialized in this function [-Wuninitialized]
     bSuccess = I2C_Read(I2C_SCL_BASE, I2C_SDA_BASE, I2C_AUDIO_ADDR, control, data);
              ^
Info: Compiling debug.c to obj/default/debug.o
nios2-elf-gcc -xc -MP -MMD -c -I../sockit_audio_bsp//HAL/inc -I../sockit_audio_bsp/ -I../sockit_audio_bsp//drivers/inc  -pipe -D__hal__ -DALT_NO_INSTRUCTION_EMULATION -DALT_SINGLE_THREADED    -O0 -g -Wall   -mhw-div -mhw-mul -mno-hw-mulx -mgpopt=global  -o obj/default/debug.o debug.c
debug.c: In function 'myprintf_hex_array':
debug.c:72:17: warning: pointer targets in passing argument 1 of 'sprintf' differ in signedness [-Wpointer-sign]
         sprintf(szText, "[%02X]", *(pHex+i));
                 ^
In file included from /opt/intelFPGA/nios2eds/bin/gnu/H-x86_64-pc-linux-gnu/nios2-elf/include/stdio.h:29:0,
                 from debug.c:32:
/opt/intelFPGA/nios2eds/bin/gnu/H-x86_64-pc-linux-gnu/nios2-elf/include/stdio.h:258:5: note: expected 'char * restrict' but argument is of type 'unsigned char *'
 int _EXFUN(sprintf, (char *__restrict, const char *__restrict, ...)
     ^
In file included from debug.c:34:0:
debug.c:73:16: warning: pointer targets in passing argument 1 of 'myprintf' differ in signedness [-Wpointer-sign]
         DEBUG((szText));
                ^
debug.h:47:32: note: in definition of macro 'DEBUG'
 #define DEBUG(x)     {myprintf x;}  // standard in/out, specifed in project (it could be uart, jtag, or lcd)
                                ^
debug.c:53:5: note: expected 'char *' but argument is of type 'unsigned char *'
 int myprintf(char *format, ...){
     ^
Info: Compiling i2c.c to obj/default/i2c.o
nios2-elf-gcc -xc -MP -MMD -c -I../sockit_audio_bsp//HAL/inc -I../sockit_audio_bsp/ -I../sockit_audio_bsp//drivers/inc  -pipe -D__hal__ -DALT_NO_INSTRUCTION_EMULATION -DALT_SINGLE_THREADED    -O0 -g -Wall   -mhw-div -mhw-mul -mno-hw-mulx -mgpopt=global  -o obj/default/i2c.o i2c.c
i2c.c: In function 'I2C_Read':
i2c.c:123:9: warning: 'pControlDataL' may be used uninitialized in this function [-Wmaybe-uninitialized]
         i2c_read(clk_base, data_base, pControlDataL, TRUE);  // read
         ^
i2c.c:126:13: warning: 'pControlDataH' may be used uninitialized in this function [-Wmaybe-uninitialized]
             i2c_read(clk_base, data_base, pControlDataH, FALSE);  // read
             ^
Info: Compiling led.c to obj/default/led.o
nios2-elf-gcc -xc -MP -MMD -c -I../sockit_audio_bsp//HAL/inc -I../sockit_audio_bsp/ -I../sockit_audio_bsp//drivers/inc  -pipe -D__hal__ -DALT_NO_INSTRUCTION_EMULATION -DALT_SINGLE_THREADED    -O0 -g -Wall   -mhw-div -mhw-mul -mno-hw-mulx -mgpopt=global  -o obj/default/led.o led.c
Info: Compiling main.c to obj/default/main.o
nios2-elf-gcc -xc -MP -MMD -c -I../sockit_audio_bsp//HAL/inc -I../sockit_audio_bsp/ -I../sockit_audio_bsp//drivers/inc  -pipe -D__hal__ -DALT_NO_INSTRUCTION_EMULATION -DALT_SINGLE_THREADED    -O0 -g -Wall   -mhw-div -mhw-mul -mno-hw-mulx -mgpopt=global  -o obj/default/main.o main.c
Info: Linking sockit_audio.elf
nios2-elf-g++  -T'../sockit_audio_bsp//linker.x' -msys-crt0='../sockit_audio_bsp//obj/HAL/src/crt0.o' -msys-lib=hal_bsp -L../sockit_audio_bsp/   -Wl,-Map=sockit_audio.map   -O0 -g -Wall   -mhw-div -mhw-mul -mno-hw-mulx -mgpopt=global  -o sockit_audio.elf obj/default/audio.o obj/default/debug.o obj/default/i2c.o obj/default/led.o obj/default/main.o -lm -msys-lib=m
nios2-elf-insert sockit_audio.elf --thread_model hal --cpu_name cpu --qsys true --simulation_enabled false --id 1702376049 --sidp 0x11082040 --timestamp 1522729749 --stderr_dev jtag_uart --stdin_dev jtag_uart --stdout_dev jtag_uart --sopc_system_name nios_core --quartus_project_dir "/home/stephen/altera/soc_hps/sockit_audio" --jdi ../..//output_files/sockit_audio.jdi --sopcinfo /home/stephen/altera/soc_hps/sockit_audio/software/sockit_audio_bsp/../../nios_core.sopcinfo
Info: (sockit_audio.elf) 99 KBytes program size (code + initialized data).
Info:                    149 KBytes free for stack + heap.
Info: Creating sockit_audio.objdump
nios2-elf-objdump --disassemble --syms --all-header --source sockit_audio.elf >sockit_audio.objdump
[sockit_audio build complete]
12:50:35 **** Incremental Build of configuration Nios II for project sockit_audio_bsp ****
make all 
[BSP build complete]
12:50:35 **** Incremental Build of configuration Nios II for project sockit_audio ****
make all 
Info: Building ../sockit_audio_bsp/
make --no-print-directory -C ../sockit_audio_bsp/
[BSP build complete]
[sockit_audio build complete]
12:54:54 **** Incremental Build of configuration Nios II for project sockit_audio_bsp ****
make all 
[BSP build complete]
12:54:54 **** Incremental Build of configuration Nios II for project sockit_audio ****
make all 
Info: Building ../sockit_audio_bsp/
make --no-print-directory -C ../sockit_audio_bsp/
[BSP build complete]
Info: Compiling main.c to obj/default/main.o
nios2-elf-gcc -xc -MP -MMD -c -I../sockit_audio_bsp//HAL/inc -I../sockit_audio_bsp/ -I../sockit_audio_bsp//drivers/inc  -pipe -D__hal__ -DALT_NO_INSTRUCTION_EMULATION -DALT_SINGLE_THREADED    -O0 -g -Wall   -mhw-div -mhw-mul -mno-hw-mulx -mgpopt=global  -o obj/default/main.o main.c
Info: Linking sockit_audio.elf
nios2-elf-g++  -T'../sockit_audio_bsp//linker.x' -msys-crt0='../sockit_audio_bsp//obj/HAL/src/crt0.o' -msys-lib=hal_bsp -L../sockit_audio_bsp/   -Wl,-Map=sockit_audio.map   -O0 -g -Wall   -mhw-div -mhw-mul -mno-hw-mulx -mgpopt=global  -o sockit_audio.elf obj/default/audio.o obj/default/debug.o obj/default/i2c.o obj/default/led.o obj/default/main.o -lm -msys-lib=m
nios2-elf-insert sockit_audio.elf --thread_model hal --cpu_name cpu --qsys true --simulation_enabled false --id 1702376049 --sidp 0x11082040 --timestamp 1522729749 --stderr_dev jtag_uart --stdin_dev jtag_uart --stdout_dev jtag_uart --sopc_system_name nios_core --quartus_project_dir "/home/stephen/altera/soc_hps/sockit_audio" --jdi ../..//output_files/sockit_audio.jdi --sopcinfo /home/stephen/altera/soc_hps/sockit_audio/software/sockit_audio_bsp/../../nios_core.sopcinfo
Info: (sockit_audio.elf) 99 KBytes program size (code + initialized data).
Info:                    149 KBytes free for stack + heap.
Info: Creating sockit_audio.objdump
nios2-elf-objdump --disassemble --syms --all-header --source sockit_audio.elf >sockit_audio.objdump
[sockit_audio build complete]
